09:43:43 - [INFO] - watchdog_tick open_positions=2
09:44:19 - [INFO] - 🎯 Taranan Coinler: ['BTC/USDT', 'ETH/USDT']
09:44:19 - [INFO] - snapback_gate_probe symbol=BTC/USDT price=69482.58000000 ema_fast=69571.36969679 tolerance_mult=1.001500 tolerance_ceiling=69675.72675133 below_ema_fast=true
09:44:19 - [INFO] - fallback_evaluated strategy=snapback symbol=BTC/USDT signal=HOLD score=3.00 gate_status={'bias_not_down': True, 'atr_ok': True, 'pullback_ok': False, 'reclaim_ok': False, 'below_ema_fast': True} hold_fails=['pullback_ok', 'reclaim_ok'] reason=1H bias=NEUTRAL (allowed), ATR% ok (0.26), pullback yok, reclaim yok, below EMA fast, SYM=BTC/USDT
09:44:22 - [INFO] - snapback_gate_probe symbol=ETH/USDT price=2029.57000000 ema_fast=2031.97721869 tolerance_mult=1.001500 tolerance_ceiling=2035.02518452 below_ema_fast=true
09:44:22 - [INFO] - fallback_evaluated strategy=snapback symbol=ETH/USDT signal=HOLD score=3.00 gate_status={'bias_not_down': True, 'atr_ok': True, 'pullback_ok': False, 'reclaim_ok': False, 'below_ema_fast': True} hold_fails=['pullback_ok', 'reclaim_ok'] reason=1H bias=NEUTRAL (allowed), ATR% ok (0.30), pullback yok, reclaim yok, below EMA fast, SYM=ETH/USDT
09:44:23 - [INFO] - 🧾 ROUND#203 summary: BUY=0 SELL=0 HOLD=2 | risk_multiplier=1.00 | trade_blocked=False reason=None
09:44:23 - [INFO] - 🔎 candidate: BTC/USDT decision=HOLD score=0.00 buy_th=None gap=None corr=1.0 regime=UNKNOWN adx=None er=None volx=None strategy=grid_v1 trade_blocked=False scanner_reason=None exec_blocked=False exec_reason=None gate_status={} hold_fails=[] reason=no_grid_crossing
09:44:23 - [INFO] - 🔎 candidate: ETH/USDT decision=HOLD score=0.00 buy_th=None gap=None corr=1.0 regime=UNKNOWN adx=None er=None volx=None strategy=grid_v1 trade_blocked=False scanner_reason=None exec_blocked=False exec_reason=None gate_status={} hold_fails=[] reason=no_grid_crossing
09:44:50 - [INFO] - watchdog_tick open_positions=2
09:45:57 - [INFO] - watchdog_tick open_positions=2
09:47:04 - [INFO] - watchdog_tick open_positions=2
09:48:10 - [INFO] - watchdog_tick open_positions=2
09:49:17 - [INFO] - watchdog_tick open_positions=2
09:49:23 - [INFO] - 🎯 Taranan Coinler: ['BTC/USDT', 'ETH/USDT']
09:49:24 - [INFO] - snapback_gate_probe symbol=BTC/USDT price=69466.50000000 ema_fast=69561.54927235 tolerance_mult=1.001500 tolerance_ceiling=69665.89159625 below_ema_fast=true
09:49:24 - [INFO] - fallback_evaluated strategy=snapback symbol=BTC/USDT signal=HOLD score=3.00 gate_status={'bias_not_down': True, 'atr_ok': True, 'pullback_ok': False, 'reclaim_ok': False, 'below_ema_fast': True} hold_fails=['pullback_ok', 'reclaim_ok'] reason=1H bias=NEUTRAL (allowed), ATR% ok (0.25), pullback yok, reclaim yok, below EMA fast, SYM=BTC/USDT
09:49:25 - [INFO] - snapback_gate_probe symbol=ETH/USDT price=2029.25000000 ema_fast=2031.72696204 tolerance_mult=1.001500 tolerance_ceiling=2034.77455248 below_ema_fast=true
09:49:25 - [INFO] - fallback_evaluated strategy=snapback symbol=ETH/USDT signal=HOLD score=3.00 gate_status={'bias_not_down': True, 'atr_ok': True, 'pullback_ok': False, 'reclaim_ok': False, 'below_ema_fast': True} hold_fails=['pullback_ok', 'reclaim_ok'] reason=1H bias=NEUTRAL (allowed), ATR% ok (0.28), pullback yok, reclaim yok, below EMA fast, SYM=ETH/USDT
09:49:28 - [INFO] - 🧾 ROUND#204 summary: BUY=0 SELL=0 HOLD=2 | risk_multiplier=1.00 | trade_blocked=False reason=None
09:49:28 - [INFO] - 🔎 candidate: BTC/USDT decision=HOLD score=0.00 buy_th=None gap=None corr=1.0 regime=UNKNOWN adx=None er=None volx=None strategy=grid_v1 trade_blocked=False scanner_reason=None exec_blocked=False exec_reason=None gate_status={} hold_fails=[] reason=no_grid_crossing
09:49:28 - [INFO] - 🔎 candidate: ETH/USDT decision=HOLD score=0.00 buy_th=None gap=None corr=1.0 regime=UNKNOWN adx=None er=None volx=None strategy=grid_v1 trade_blocked=False scanner_reason=None exec_blocked=False exec_reason=None gate_status={} hold_fails=[] reason=no_grid_crossing
09:50:24 - [INFO] - watchdog_tick open_positions=2
09:51:31 - [INFO] - watchdog_tick open_positions=2
09:52:38 - [INFO] - watchdog_tick open_positions=2
09:53:44 - [INFO] - watchdog_tick open_positions=2
09:54:28 - [INFO] - 🎯 Taranan Coinler: ['BTC/USDT', 'ETH/USDT']
09:54:28 - [INFO] - 🔧 GRID POSITION SIZING: capital=$20.00 price=$69439.17 qty=0.00028802 BTC strategy=grid_v1
09:54:28 - [INFO] - ⚡ Trade: BUY 0.00028000 BTC/USDT | risk_x=1.000 | reason=AUTO_SIGNAL
09:54:28 - [INFO] - 🧪 [PAPER] BUY 0.00028 BTC/USDT @ mid=69439.170000 exec=69449.947619 fee=0.019446 slip_bps=1.552 id=po_6196596a65e20d4197a5a453
09:54:28 - [INFO] - trade order_filled symbol=BTC/USDT signal=BUY order_id=po_6196596a65e20d4197a5a453 exec_amount=0.00028000 exec_price=69449.94761949 cost=19.44598533
09:54:28 - [INFO] - trade position_updated symbol=BTC/USDT signal=BUY exec_amount=0.00028000 exec_price=69449.94761949 fee=0.01944599 realized_pnl=0.00000000 gross_pnl=None total_fees=0.019445985333457972 net_pnl=None
09:54:28 - [INFO] - trade audit_persisted trade_id=98 symbol=BTC/USDT side=BUY realized_pnl=0.00000000 fee=0.01944599 total_fees=0.019445985333457972 gross_pnl=None net_pnl=None
09:54:28 - [INFO] - signal_audit_write symbol=BTC/USDT decision=BUY strategy=grid_v1 blocked_reason=None ok=true
09:54:28 - [INFO] - 📢 RAPOR: {'symbol': 'BTC/USDT', 'price': 69439.17, 'sentiment': 0.0, 'decision': 'BUY', 'risk_multiplier': 1.0, 'details': {'signal': 'BUY', 'score': 5.0, 'stop_loss': 68050.3866, 'take_profit': 70827.9534, 'current_price': 69439.17, 'entry_reason': 'grid_cross_down_0', 'quantity': 0.00028802187583751364, 'grid_info': {'total_inventory': 0.0, 'total_buy_executions': 0, 'total_sell_executions': 0, 'active_grid_count': 0, 'active_grids': []}, 'strategy_name': 'grid_v1', 'price_in_range': True, 'atr_ok': True, 'volume_ok': True, 'gates_passed': 3, 'all_gates_pass': True, 'crossing_metadata': {'grid_price': 69450.0, 'quantity': 0.00028797696184305253, 'action': 'BUY'}}, 'paper_usdt': 102.0597094844079, 'paper_equity_usdt': 981.2284783844082, 'corr_factor': 1.0, 'corr_reason': None, 'trade_result': {'id': 'po_6196596a65e20d4197a5a453', 'clientOrderId': '6196596a65e20d4197a5a453d3a76c0ed2aa3fe77a01d2143c16b943d05c7bc6', 'symbol': 'BTC/USDT', 'side': 'buy', 'type': 'market', 'amount': 0.00028, 'filled': 0.00028, 'price': 69449.94761949277, 'average': 69449.94761949277, 'cost': 19.445985333457973, 'fee': 0.019445985333457972, 'status': 'closed', 'timestamp': 1773298468900, 'info': {'mode': 'paper', 'mid_price': 69439.17, 'slippage_bps': 1.5520950916848042, 'reason': 'AUTO_SIGNAL'}}}
09:54:30 - [INFO] - snapback_gate_probe symbol=ETH/USDT price=2029.14000000 ema_fast=2031.71648585 tolerance_mult=1.001500 tolerance_ceiling=2034.76406058 below_ema_fast=true
09:54:30 - [INFO] - fallback_evaluated strategy=snapback symbol=ETH/USDT signal=HOLD score=3.00 gate_status={'bias_not_down': True, 'atr_ok': True, 'pullback_ok': False, 'reclaim_ok': False, 'below_ema_fast': True} hold_fails=['pullback_ok', 'reclaim_ok'] reason=1H bias=NEUTRAL (allowed), ATR% ok (0.28), pullback yok, reclaim yok, below EMA fast, SYM=ETH/USDT
09:54:32 - [INFO] - 🧾 ROUND#205 summary: BUY=1 SELL=0 HOLD=1 | risk_multiplier=1.00 | trade_blocked=False reason=None
09:54:32 - [INFO] - 🔎 candidate: BTC/USDT decision=BUY score=5.00 buy_th=None gap=None corr=1.0 regime=UNKNOWN adx=None er=None volx=None strategy=grid_v1 trade_blocked=False scanner_reason=None exec_blocked=False exec_reason=None gate_status={} hold_fails=[] reason=
09:54:32 - [INFO] - 🔎 candidate: ETH/USDT decision=HOLD score=0.00 buy_th=None gap=None corr=1.0 regime=UNKNOWN adx=None er=None volx=None strategy=grid_v1 trade_blocked=False scanner_reason=None exec_blocked=False exec_reason=None gate_status={} hold_fails=[] reason=no_grid_crossing
09:54:51 - [INFO] - watchdog_tick open_positions=2
09:55:58 - [INFO] - watchdog_tick open_positions=2
09:57:05 - [INFO] - watchdog_tick open_positions=2
09:58:11 - [INFO] - watchdog_tick open_positions=2
09:59:18 - [INFO] - watchdog_tick open_positions=2
09:59:32 - [INFO] - 🎯 Taranan Coinler: ['BTC/USDT', 'ETH/USDT']
09:59:32 - [INFO] - snapback_gate_probe symbol=BTC/USDT price=69466.84000000 ema_fast=69561.58165330 tolerance_mult=1.001500 tolerance_ceiling=69665.92402578 below_ema_fast=true
09:59:32 - [INFO] - fallback_evaluated strategy=snapback symbol=BTC/USDT signal=HOLD score=3.00 gate_status={'bias_not_down': True, 'atr_ok': True, 'pullback_ok': False, 'reclaim_ok': False, 'below_ema_fast': True} hold_fails=['pullback_ok', 'reclaim_ok'] reason=1H bias=NEUTRAL (allowed), ATR% ok (0.26), pullback yok, reclaim yok, below EMA fast, SYM=BTC/USDT
09:59:35 - [INFO] - snapback_gate_probe symbol=ETH/USDT price=2029.77000000 ema_fast=2031.77648585 tolerance_mult=1.001500 tolerance_ceiling=2034.82415058 below_ema_fast=true
09:59:35 - [INFO] - fallback_evaluated strategy=snapback symbol=ETH/USDT signal=HOLD score=4.00 gate_status={'bias_not_down': True, 'atr_ok': True, 'pullback_ok': False, 'reclaim_ok': True, 'below_ema_fast': True} hold_fails=['pullback_ok'] reason=1H bias=NEUTRAL (allowed), ATR% ok (0.28), pullback yok, reclaim ok (0.00), below EMA fast, SYM=ETH/USDT
09:59:38 - [INFO] - 🧾 ROUND#206 summary: BUY=0 SELL=0 HOLD=2 | risk_multiplier=1.00 | trade_blocked=False reason=None
09:59:38 - [INFO] - 🔎 candidate: BTC/USDT decision=HOLD score=0.00 buy_th=None gap=None corr=1.0 regime=UNKNOWN adx=None er=None volx=None strategy=grid_v1 trade_blocked=False scanner_reason=None exec_blocked=False exec_reason=None gate_status={} hold_fails=[] reason=no_grid_crossing
09:59:38 - [INFO] - 🔎 candidate: ETH/USDT decision=HOLD score=0.00 buy_th=None gap=None corr=1.0 regime=UNKNOWN adx=None er=None volx=None strategy=grid_v1 trade_blocked=False scanner_reason=None exec_blocked=False exec_reason=None gate_status={} hold_fails=[] reason=no_grid_crossing
10:00:25 - [INFO] - watchdog_tick open_positions=2
10:01:33 - [INFO] - watchdog_tick open_positions=2
10:02:40 - [INFO] - watchdog_tick open_positions=2
10:03:47 - [INFO] - watchdog_tick open_positions=2
10:04:38 - [INFO] - 🎯 Taranan Coinler: ['BTC/USDT', 'ETH/USDT']
10:04:38 - [INFO] - snapback_gate_probe symbol=BTC/USDT price=69502.13000000 ema_fast=69558.90099671 tolerance_mult=1.001500 tolerance_ceiling=69663.23934820 below_ema_fast=true
10:04:38 - [INFO] - fallback_evaluated strategy=snapback symbol=BTC/USDT signal=HOLD score=4.00 gate_status={'bias_not_down': True, 'atr_ok': True, 'pullback_ok': False, 'reclaim_ok': True, 'below_ema_fast': True} hold_fails=['pullback_ok'] reason=1H bias=NEUTRAL (allowed), ATR% ok (0.25), pullback yok, reclaim ok (0.00), below EMA fast, SYM=BTC/USDT
10:04:40 - [INFO] - snapback_gate_probe symbol=ETH/USDT price=2030.38000000 ema_fast=2031.69604954 tolerance_mult=1.001500 tolerance_ceiling=2034.74359362 below_ema_fast=true
10:04:40 - [INFO] - fallback_evaluated strategy=snapback symbol=ETH/USDT signal=HOLD score=4.00 gate_status={'bias_not_down': True, 'atr_ok': True, 'pullback_ok': False, 'reclaim_ok': True, 'below_ema_fast': True} hold_fails=['pullback_ok'] reason=1H bias=NEUTRAL (allowed), ATR% ok (0.26), pullback yok, reclaim ok (0.00), below EMA fast, SYM=ETH/USDT
10:04:42 - [INFO] - 🧾 ROUND#207 summary: BUY=0 SELL=0 HOLD=2 | risk_multiplier=1.00 | trade_blocked=False reason=None
10:04:42 - [INFO] - 🔎 candidate: BTC/USDT decision=HOLD score=0.00 buy_th=None gap=None corr=1.0 regime=UNKNOWN adx=None er=None volx=None strategy=grid_v1 trade_blocked=False scanner_reason=None exec_blocked=False exec_reason=None gate_status={} hold_fails=[] reason=no_grid_crossing
10:04:42 - [INFO] - 🔎 candidate: ETH/USDT decision=HOLD score=0.00 buy_th=None gap=None corr=1.0 regime=UNKNOWN adx=None er=None volx=None strategy=grid_v1 trade_blocked=False scanner_reason=None exec_blocked=False exec_reason=None gate_status={} hold_fails=[] reason=no_grid_crossing
10:04:53 - [INFO] - watchdog_tick open_positions=2
10:06:01 - [INFO] - watchdog_tick open_positions=2
10:07:08 - [INFO] - watchdog_tick open_positions=2
10:08:15 - [INFO] - watchdog_tick open_positions=2
10:09:22 - [INFO] - watchdog_tick open_positions=2
10:09:42 - [INFO] - 🎯 Taranan Coinler: ['BTC/USDT', 'ETH/USDT']
10:09:43 - [INFO] - 🔧 GRID POSITION SIZING: capital=$20.00 price=$69431.19 qty=0.00028805 BTC strategy=grid_v1
10:09:43 - [INFO] - ⚡ Trade: BUY 0.00028000 BTC/USDT | risk_x=1.000 | reason=AUTO_SIGNAL
10:09:43 - [INFO] - 🧪 [PAPER] BUY 0.00028 BTC/USDT @ mid=69431.190000 exec=69442.597665 fee=0.019444 slip_bps=1.643 id=po_1693fe7cb59841831ad22dc1
10:09:43 - [INFO] - trade order_filled symbol=BTC/USDT signal=BUY order_id=po_1693fe7cb59841831ad22dc1 exec_amount=0.00028000 exec_price=69442.59766457 cost=19.44392735
10:09:43 - [INFO] - trade position_updated symbol=BTC/USDT signal=BUY exec_amount=0.00028000 exec_price=69442.59766457 fee=0.01944393 realized_pnl=0.00000000 gross_pnl=None total_fees=0.01944392734608001 net_pnl=None
10:09:43 - [INFO] - trade audit_persisted trade_id=99 symbol=BTC/USDT side=BUY realized_pnl=0.00000000 fee=0.01944393 total_fees=0.01944392734608001 gross_pnl=None net_pnl=None
10:09:43 - [INFO] - signal_audit_write symbol=BTC/USDT decision=BUY strategy=grid_v1 blocked_reason=None ok=true
10:09:43 - [INFO] - 📢 RAPOR: {'symbol': 'BTC/USDT', 'price': 69431.19, 'sentiment': 0.0, 'decision': 'BUY', 'risk_multiplier': 1.0, 'details': {'signal': 'BUY', 'score': 5.0, 'stop_loss': 68042.5662, 'take_profit': 70819.8138, 'current_price': 69431.19, 'entry_reason': 'grid_cross_down_0', 'quantity': 0.00028805497932557397, 'grid_info': {'total_inventory': 0.0, 'total_buy_executions': 0, 'total_sell_executions': 0, 'active_grid_count': 0, 'active_grids': []}, 'strategy_name': 'grid_v1', 'price_in_range': True, 'atr_ok': True, 'volume_ok': True, 'gates_passed': 3, 'all_gates_pass': True, 'crossing_metadata': {'grid_price': 69450.0, 'quantity': 0.00028797696184305253, 'action': 'BUY'}}, 'paper_usdt': 82.59427816561647, 'paper_equity_usdt': 980.9069956656167, 'corr_factor': 1.0, 'corr_reason': None, 'trade_result': {'id': 'po_1693fe7cb59841831ad22dc1', 'clientOrderId': '1693fe7cb59841831ad22dc118ca9bb93d73ac4902638cfd8b3677c7fc89d240', 'symbol': 'BTC/USDT', 'side': 'buy', 'type': 'market', 'amount': 0.00028, 'filled': 0.00028, 'price': 69442.59766457147, 'average': 69442.59766457147, 'cost': 19.44392734608001, 'fee': 0.01944392734608001, 'status': 'closed', 'timestamp': 1773299383455, 'info': {'mode': 'paper', 'mid_price': 69431.19, 'slippage_bps': 1.6430172911447163, 'reason': 'AUTO_SIGNAL'}}}
10:09:45 - [INFO] - 🔧 GRID POSITION SIZING: capital=$20.00 price=$2026.40 qty=0.00986972 ETH strategy=grid_v1
10:09:45 - [INFO] - ⚡ Trade: BUY 0.00980000 ETH/USDT | risk_x=1.000 | reason=AUTO_SIGNAL
10:09:45 - [INFO] - 🧪 [PAPER] BUY 0.0098 ETH/USDT @ mid=2026.400000 exec=2026.645345 fee=0.019861 slip_bps=1.211 id=po_bd97afd1d09c12d4c5fd8044
10:09:45 - [INFO] - trade order_filled symbol=ETH/USDT signal=BUY order_id=po_bd97afd1d09c12d4c5fd8044 exec_amount=0.00980000 exec_price=2026.64534453 cost=19.86112438
10:09:45 - [INFO] - trade position_updated symbol=ETH/USDT signal=BUY exec_amount=0.00980000 exec_price=2026.64534453 fee=0.01986112 realized_pnl=0.00000000 gross_pnl=None total_fees=0.019861124376408412 net_pnl=None
10:09:45 - [INFO] - trade audit_persisted trade_id=100 symbol=ETH/USDT side=BUY realized_pnl=0.00000000 fee=0.01986112 total_fees=0.019861124376408412 gross_pnl=None net_pnl=None
10:09:45 - [INFO] - signal_audit_write symbol=ETH/USDT decision=BUY strategy=grid_v1 blocked_reason=None ok=true
10:09:45 - [INFO] - 📢 RAPOR: {'symbol': 'ETH/USDT', 'price': 2026.4, 'sentiment': 0.0, 'decision': 'BUY', 'risk_multiplier': 1.0, 'details': {'signal': 'BUY', 'score': 5.0, 'stop_loss': 1985.872, 'take_profit': 2066.9280000000003, 'current_price': 2026.4, 'entry_reason': 'grid_cross_down_0', 'quantity': 0.00986971969996052, 'grid_info': {'total_inventory': 0.0, 'total_buy_executions': 0, 'total_sell_executions': 0, 'active_grid_count': 0, 'active_grids': []}, 'strategy_name': 'grid_v1', 'price_in_range': True, 'atr_ok': True, 'volume_ok': True, 'gates_passed': 3, 'all_gates_pass': True, 'crossing_metadata': {'grid_price': 2028.0, 'quantity': 0.009861932938856016, 'action': 'BUY'}}, 'paper_usdt': 63.13090689219038, 'paper_equity_usdt': 980.8843575921907, 'corr_factor': 1.0, 'corr_reason': None, 'trade_result': {'id': 'po_bd97afd1d09c12d4c5fd8044', 'clientOrderId': 'bd97afd1d09c12d4c5fd8044a237cbf260a479ed1845d3a14cc9413b5395ac86', 'symbol': 'ETH/USDT', 'side': 'buy', 'type': 'market', 'amount': 0.0098, 'filled': 0.0098, 'price': 2026.6453445314705, 'average': 2026.6453445314705, 'cost': 19.861124376408412, 'fee': 0.019861124376408412, 'status': 'closed', 'timestamp': 1773299385308, 'info': {'mode': 'paper', 'mid_price': 2026.4, 'slippage_bps': 1.2107408777651316, 'reason': 'AUTO_SIGNAL'}}}
10:09:46 - [INFO] - 🧾 ROUND#208 summary: BUY=2 SELL=0 HOLD=0 | risk_multiplier=1.00 | trade_blocked=False reason=None
10:09:46 - [INFO] - 🔎 candidate: BTC/USDT decision=BUY score=5.00 buy_th=None gap=None corr=1.0 regime=UNKNOWN adx=None er=None volx=None strategy=grid_v1 trade_blocked=False scanner_reason=None exec_blocked=False exec_reason=None gate_status={} hold_fails=[] reason=
10:09:46 - [INFO] - 🔎 candidate: ETH/USDT decision=BUY score=5.00 buy_th=None gap=None corr=1.0 regime=UNKNOWN adx=None er=None volx=None strategy=grid_v1 trade_blocked=False scanner_reason=None exec_blocked=False exec_reason=None gate_status={} hold_fails=[] reason=
10:10:28 - [INFO] - watchdog_tick open_positions=2
10:11:35 - [INFO] - watchdog_tick open_positions=2
10:12:42 - [INFO] - watchdog_tick open_positions=2
10:13:49 - [INFO] - watchdog_tick open_positions=2
10:14:46 - [INFO] - 🎯 Taranan Coinler: ['BTC/USDT', 'ETH/USDT']
10:14:47 - [INFO] - snapback_gate_probe symbol=BTC/USDT price=69507.96000000 ema_fast=69559.45623480 tolerance_mult=1.001500 tolerance_ceiling=69663.79541915 below_ema_fast=true
10:14:47 - [INFO] - fallback_evaluated strategy=snapback symbol=BTC/USDT signal=HOLD score=4.00 gate_status={'bias_not_down': True, 'atr_ok': True, 'pullback_ok': False, 'reclaim_ok': True, 'below_ema_fast': True} hold_fails=['pullback_ok'] reason=1H bias=NEUTRAL (allowed), ATR% ok (0.25), pullback yok, reclaim ok (0.01), below EMA fast, SYM=BTC/USDT
10:14:49 - [INFO] - snapback_gate_probe symbol=ETH/USDT price=2028.65000000 ema_fast=2031.53128764 tolerance_mult=1.001500 tolerance_ceiling=2034.57858457 below_ema_fast=true
10:14:49 - [INFO] - fallback_evaluated strategy=snapback symbol=ETH/USDT signal=HOLD score=3.00 gate_status={'bias_not_down': True, 'atr_ok': True, 'pullback_ok': False, 'reclaim_ok': False, 'below_ema_fast': True} hold_fails=['pullback_ok', 'reclaim_ok'] reason=1H bias=NEUTRAL (allowed), ATR% ok (0.28), pullback yok, reclaim yok, below EMA fast, SYM=ETH/USDT
10:14:51 - [INFO] - 🧾 ROUND#209 summary: BUY=0 SELL=0 HOLD=2 | risk_multiplier=1.00 | trade_blocked=False reason=None
10:14:51 - [INFO] - 🔎 candidate: BTC/USDT decision=HOLD score=0.00 buy_th=None gap=None corr=1.0 regime=UNKNOWN adx=None er=None volx=None strategy=grid_v1 trade_blocked=False scanner_reason=None exec_blocked=False exec_reason=None gate_status={} hold_fails=[] reason=no_grid_crossing
10:14:51 - [INFO] - 🔎 candidate: ETH/USDT decision=HOLD score=0.00 buy_th=None gap=None corr=1.0 regime=UNKNOWN adx=None er=None volx=None strategy=grid_v1 trade_blocked=False scanner_reason=None exec_blocked=False exec_reason=None gate_status={} hold_fails=[] reason=no_grid_crossing
10:14:56 - [INFO] - watchdog_tick open_positions=2
10:16:03 - [INFO] - watchdog_tick open_positions=2
10:17:10 - [INFO] - watchdog_tick open_positions=2
10:18:17 - [INFO] - watchdog_tick open_positions=2
10:19:24 - [INFO] - watchdog_tick open_positions=2
10:19:51 - [INFO] - 🎯 Taranan Coinler: ['BTC/USDT', 'ETH/USDT']
10:19:52 - [INFO] - trend_bias_computed
10:19:52 - [INFO] - snapback_gate_probe symbol=BTC/USDT price=69530.70000000 ema_fast=69555.65251151 tolerance_mult=1.001500 tolerance_ceiling=69659.98599028 below_ema_fast=true
10:19:52 - [INFO] - fallback_evaluated strategy=snapback symbol=BTC/USDT signal=HOLD score=4.00 gate_status={'bias_not_down': True, 'atr_ok': True, 'pullback_ok': False, 'reclaim_ok': True, 'below_ema_fast': True} hold_fails=['pullback_ok'] reason=1H bias=NEUTRAL (allowed), ATR% ok (0.24), pullback yok, reclaim ok (0.05), below EMA fast, SYM=BTC/USDT
10:19:54 - [INFO] - trend_bias_computed
10:19:54 - [INFO] - snapback_gate_probe symbol=ETH/USDT price=2029.03000000 ema_fast=2031.27583620 tolerance_mult=1.001500 tolerance_ceiling=2034.32274996 below_ema_fast=true
10:19:54 - [INFO] - fallback_evaluated strategy=snapback symbol=ETH/USDT signal=HOLD score=4.00 gate_status={'bias_not_down': True, 'atr_ok': True, 'pullback_ok': False, 'reclaim_ok': True, 'below_ema_fast': True} hold_fails=['pullback_ok'] reason=1H bias=NEUTRAL (allowed), ATR% ok (0.24), pullback yok, reclaim ok (0.03), below EMA fast, SYM=ETH/USDT
10:19:56 - [INFO] - 🧾 ROUND#210 summary: BUY=0 SELL=0 HOLD=2 | risk_multiplier=1.00 | trade_blocked=False reason=None
10:19:56 - [INFO] - 🔎 candidate: BTC/USDT decision=HOLD score=0.00 buy_th=None gap=None corr=1.0 regime=UNKNOWN adx=None er=None volx=None strategy=grid_v1 trade_blocked=False scanner_reason=None exec_blocked=False exec_reason=None gate_status={} hold_fails=[] reason=no_grid_crossing
10:19:56 - [INFO] - 🔎 candidate: ETH/USDT decision=HOLD score=0.00 buy_th=None gap=None corr=1.0 regime=UNKNOWN adx=None er=None volx=None strategy=grid_v1 trade_blocked=False scanner_reason=None exec_blocked=False exec_reason=None gate_status={} hold_fails=[] reason=no_grid_crossing
10:20:32 - [INFO] - watchdog_tick open_positions=2
10:21:39 - [INFO] - watchdog_tick open_positions=2
10:22:47 - [INFO] - watchdog_tick open_positions=2
10:23:55 - [INFO] - watchdog_tick open_positions=2
10:24:57 - [INFO] - 🎯 Taranan Coinler: ['BTC/USDT', 'ETH/USDT']
10:24:57 - [INFO] - snapback_gate_probe symbol=BTC/USDT price=69582.46000000 ema_fast=69560.58203532 tolerance_mult=1.001500 tolerance_ceiling=69664.92290837 below_ema_fast=true
10:24:57 - [INFO] - fallback_evaluated strategy=snapback symbol=BTC/USDT signal=HOLD score=4.00 gate_status={'bias_not_down': True, 'atr_ok': True, 'pullback_ok': False, 'reclaim_ok': True, 'below_ema_fast': True} hold_fails=['pullback_ok'] reason=1H bias=NEUTRAL (allowed), ATR% ok (0.24), pullback yok, reclaim ok (0.12), within EMA fast tolerance, SYM=BTC/USDT
10:24:59 - [INFO] - snapback_gate_probe symbol=ETH/USDT price=2030.85000000 ema_fast=2031.44916954 tolerance_mult=1.001500 tolerance_ceiling=2034.49634329 below_ema_fast=true
10:24:59 - [INFO] - fallback_evaluated strategy=snapback symbol=ETH/USDT signal=HOLD score=4.00 gate_status={'bias_not_down': True, 'atr_ok': True, 'pullback_ok': False, 'reclaim_ok': True, 'below_ema_fast': True} hold_fails=['pullback_ok'] reason=1H bias=NEUTRAL (allowed), ATR% ok (0.24), pullback yok, reclaim ok (0.12), below EMA fast, SYM=ETH/USDT
10:25:01 - [INFO] - 🧾 ROUND#211 summary: BUY=0 SELL=0 HOLD=2 | risk_multiplier=1.00 | trade_blocked=False reason=None
10:25:01 - [INFO] - 🔎 candidate: BTC/USDT decision=HOLD score=0.00 buy_th=None gap=None corr=1.0 regime=UNKNOWN adx=None er=None volx=None strategy=grid_v1 trade_blocked=False scanner_reason=None exec_blocked=False exec_reason=None gate_status={} hold_fails=[] reason=no_grid_crossing
10:25:01 - [INFO] - 🔎 candidate: ETH/USDT decision=HOLD score=0.00 buy_th=None gap=None corr=1.0 regime=UNKNOWN adx=None er=None volx=None strategy=grid_v1 trade_blocked=False scanner_reason=None exec_blocked=False exec_reason=None gate_status={} hold_fails=[] reason=no_grid_crossing
10:25:03 - [INFO] - watchdog_tick open_positions=2
10:25:43 - [INFO] - dashboard_positions db_path=C:\Users\murat\Desktop\kripto_proje\crypto-trader\backend\trading_bot.db row_count=2
10:25:43 - [INFO] - 127.0.0.1:65404 - "GET /dashboard/positions HTTP/1.1" 200
10:25:43 - [INFO] - 127.0.0.1:65405 - "GET /dashboard/summary HTTP/1.1" 200
10:25:43 - [INFO] - 127.0.0.1:65406 - "GET /dashboard/trades HTTP/1.1" 200
10:25:43 - [INFO] - dashboard_positions db_path=C:\Users\murat\Desktop\kripto_proje\crypto-trader\backend\trading_bot.db row_count=2
10:25:43 - [INFO] - 127.0.0.1:65405 - "GET /dashboard/summary HTTP/1.1" 200
10:25:43 - [INFO] - 127.0.0.1:65404 - "GET /dashboard/positions HTTP/1.1" 200
10:25:43 - [INFO] - 127.0.0.1:65406 - "GET /dashboard/trades HTTP/1.1" 200
10:25:48 - [INFO] - dashboard_positions db_path=C:\Users\murat\Desktop\kripto_proje\crypto-trader\backend\trading_bot.db row_count=2
10:25:48 - [INFO] - 127.0.0.1:65406 - "GET /dashboard/positions HTTP/1.1" 200
10:25:48 - [INFO] - 127.0.0.1:65404 - "GET /dashboard/trades HTTP/1.1" 200
10:25:48 - [INFO] - 127.0.0.1:65405 - "GET /dashboard/summary HTTP/1.1" 200
10:25:53 - [INFO] - dashboard_positions db_path=C:\Users\murat\Desktop\kripto_proje\crypto-trader\backend\trading_bot.db row_count=2
10:25:53 - [INFO] - 127.0.0.1:65406 - "GET /dashboard/summary HTTP/1.1" 200
10:25:53 - [INFO] - 127.0.0.1:65404 - "GET /dashboard/trades HTTP/1.1" 200
10:25:54 - [INFO] - 127.0.0.1:65405 - "GET /dashboard/positions HTTP/1.1" 200
10:25:58 - [INFO] - dashboard_positions db_path=C:\Users\murat\Desktop\kripto_proje\crypto-trader\backend\trading_bot.db row_count=2
10:25:58 - [INFO] - 127.0.0.1:65407 - "GET /dashboard/trades HTTP/1.1" 200
10:25:58 - [INFO] - 127.0.0.1:65407 - "GET /dashboard/summary HTTP/1.1" 200
10:25:58 - [INFO] - 127.0.0.1:65405 - "GET /dashboard/positions HTTP/1.1" 200
10:26:10 - [INFO] - watchdog_tick open_positions=2
10:27:18 - [INFO] - watchdog_tick open_positions=2
10:28:26 - [INFO] - watchdog_tick open_positions=2
10:29:34 - [INFO] - watchdog_tick open_positions=2
10:30:01 - [INFO] - 🎯 Taranan Coinler: ['BTC/USDT', 'ETH/USDT']
10:30:02 - [INFO] - snapback_gate_probe symbol=BTC/USDT price=69606.39000000 ema_fast=69567.00755588 tolerance_mult=1.001500 tolerance_ceiling=69671.35806721 below_ema_fast=true
10:30:02 - [INFO] - fallback_evaluated strategy=snapback symbol=BTC/USDT signal=HOLD score=3.00 gate_status={'bias_not_down': True, 'atr_ok': True, 'pullback_ok': False, 'reclaim_ok': False, 'below_ema_fast': True} hold_fails=['pullback_ok', 'reclaim_ok'] reason=1H bias=NEUTRAL (allowed), ATR% ok (0.22), pullback yok, reclaim yok, within EMA fast tolerance, SYM=BTC/USDT
10:30:04 - [INFO] - snapback_gate_probe symbol=ETH/USDT price=2033.70000000 ema_fast=2031.90652755 tolerance_mult=1.001500 tolerance_ceiling=2034.95438734 below_ema_fast=true
10:30:04 - [INFO] - fallback_evaluated strategy=snapback symbol=ETH/USDT signal=HOLD score=4.00 gate_status={'bias_not_down': True, 'atr_ok': True, 'pullback_ok': False, 'reclaim_ok': True, 'below_ema_fast': True} hold_fails=['pullback_ok'] reason=1H bias=NEUTRAL (allowed), ATR% ok (0.23), pullback yok, reclaim ok (0.00), within EMA fast tolerance, SYM=ETH/USDT
10:30:06 - [INFO] - 🧾 ROUND#212 summary: BUY=0 SELL=0 HOLD=2 | risk_multiplier=1.00 | trade_blocked=False reason=None
10:30:06 - [INFO] - 🔎 candidate: BTC/USDT decision=HOLD score=0.00 buy_th=None gap=None corr=1.0 regime=UNKNOWN adx=None er=None volx=None strategy=grid_v1 trade_blocked=False scanner_reason=None exec_blocked=False exec_reason=None gate_status={} hold_fails=[] reason=no_grid_crossing
10:30:06 - [INFO] - 🔎 candidate: ETH/USDT decision=HOLD score=0.00 buy_th=None gap=None corr=1.0 regime=UNKNOWN adx=None er=None volx=None strategy=grid_v1 trade_blocked=False scanner_reason=None exec_blocked=False exec_reason=None gate_status={} hold_fails=[] reason=no_grid_crossing
10:30:42 - [INFO] - watchdog_tick open_positions=2
10:31:50 - [INFO] - watchdog_tick open_positions=2
10:32:58 - [INFO] - watchdog_tick open_positions=2
10:34:06 - [INFO] - watchdog_tick open_positions=2
10:35:06 - [INFO] - 🎯 Taranan Coinler: ['BTC/USDT', 'ETH/USDT']
10:35:07 - [INFO] - snapback_gate_probe symbol=BTC/USDT price=69703.20000000 ema_fast=69576.22755588 tolerance_mult=1.001500 tolerance_ceiling=69680.59189721 below_ema_fast=false
10:35:07 - [INFO] - fallback_evaluated strategy=snapback symbol=BTC/USDT signal=HOLD score=3.00 gate_status={'bias_not_down': True, 'atr_ok': True, 'pullback_ok': False, 'reclaim_ok': True, 'below_ema_fast': False} hold_fails=['pullback_ok', 'below_ema_fast'] reason=1H bias=NEUTRAL (allowed), ATR% ok (0.23), pullback yok, reclaim ok (0.14), EMA fast tolerance fail, SYM=BTC/USDT
10:35:09 - [INFO] - snapback_gate_probe symbol=ETH/USDT price=2037.77000000 ema_fast=2032.29414659 tolerance_mult=1.001500 tolerance_ceiling=2035.34258781 below_ema_fast=false
10:35:09 - [INFO] - fallback_evaluated strategy=snapback symbol=ETH/USDT signal=HOLD score=3.00 gate_status={'bias_not_down': True, 'atr_ok': True, 'pullback_ok': False, 'reclaim_ok': True, 'below_ema_fast': False} hold_fails=['pullback_ok', 'below_ema_fast'] reason=1H bias=NEUTRAL (allowed), ATR% ok (0.25), pullback yok, reclaim ok (0.20), EMA fast tolerance fail, SYM=ETH/USDT
10:35:11 - [INFO] - 🧾 ROUND#213 summary: BUY=0 SELL=0 HOLD=2 | risk_multiplier=1.00 | trade_blocked=False reason=None
10:35:11 - [INFO] - 🔎 candidate: BTC/USDT decision=HOLD score=0.00 buy_th=None gap=None corr=1.0 regime=UNKNOWN adx=None er=None volx=None strategy=grid_v1 trade_blocked=False scanner_reason=None exec_blocked=False exec_reason=None gate_status={} hold_fails=[] reason=no_grid_crossing
10:35:11 - [INFO] - 🔎 candidate: ETH/USDT decision=HOLD score=0.00 buy_th=None gap=None corr=1.0 regime=UNKNOWN adx=None er=None volx=None strategy=grid_v1 trade_blocked=False scanner_reason=None exec_blocked=False exec_reason=None gate_status={} hold_fails=[] reason=no_grid_crossing
10:35:14 - [INFO] - watchdog_tick open_positions=2
10:36:22 - [INFO] - watchdog_tick open_positions=2
10:37:30 - [INFO] - watchdog_tick open_positions=2
10:38:38 - [INFO] - watchdog_tick open_positions=2
10:39:46 - [INFO] - watchdog_tick open_positions=2
10:40:11 - [INFO] - 🎯 Taranan Coinler: ['BTC/USDT', 'ETH/USDT']
10:40:12 - [INFO] - snapback_gate_probe symbol=BTC/USDT price=69693.33000000 ema_fast=69575.28755588 tolerance_mult=1.001500 tolerance_ceiling=69679.65048721 below_ema_fast=false
10:40:12 - [INFO] - fallback_evaluated strategy=snapback symbol=BTC/USDT signal=HOLD score=3.00 gate_status={'bias_not_down': True, 'atr_ok': True, 'pullback_ok': False, 'reclaim_ok': True, 'below_ema_fast': False} hold_fails=['pullback_ok', 'below_ema_fast'] reason=1H bias=NEUTRAL (allowed), ATR% ok (0.23), pullback yok, reclaim ok (0.12), EMA fast tolerance fail, SYM=BTC/USDT
10:40:14 - [INFO] - snapback_gate_probe symbol=ETH/USDT price=2037.31000000 ema_fast=2032.25033707 tolerance_mult=1.001500 tolerance_ceiling=2035.29871258 below_ema_fast=false
10:40:14 - [INFO] - fallback_evaluated strategy=snapback symbol=ETH/USDT signal=HOLD score=3.00 gate_status={'bias_not_down': True, 'atr_ok': True, 'pullback_ok': False, 'reclaim_ok': True, 'below_ema_fast': False} hold_fails=['pullback_ok', 'below_ema_fast'] reason=1H bias=NEUTRAL (allowed), ATR% ok (0.25), pullback yok, reclaim ok (0.18), EMA fast tolerance fail, SYM=ETH/USDT
10:40:16 - [INFO] - 🧾 ROUND#214 summary: BUY=0 SELL=0 HOLD=2 | risk_multiplier=1.00 | trade_blocked=False reason=None
10:40:16 - [INFO] - 🔎 candidate: BTC/USDT decision=HOLD score=0.00 buy_th=None gap=None corr=1.0 regime=UNKNOWN adx=None er=None volx=None strategy=grid_v1 trade_blocked=False scanner_reason=None exec_blocked=False exec_reason=None gate_status={} hold_fails=[] reason=no_grid_crossing
10:40:16 - [INFO] - 🔎 candidate: ETH/USDT decision=HOLD score=0.00 buy_th=None gap=None corr=1.0 regime=UNKNOWN adx=None er=None volx=None strategy=grid_v1 trade_blocked=False scanner_reason=None exec_blocked=False exec_reason=None gate_status={} hold_fails=[] reason=no_grid_crossing
10:40:35 - [INFO] - Shutting down
10:40:35 - [INFO] - Waiting for application shutdown.
10:40:35 - [INFO] - Application shutdown complete.
10:40:35 - [INFO] - Finished server process [19644]
10:51:11 - [INFO] - ============================================================
10:51:11 - [INFO] - 🤖 CRYPTO TRADING BOT BAŞLATILIYOR
10:51:11 - [INFO] - 📊 Log dosyaları: logs/bot.log.YYYY-MM-DD_HH
10:51:11 - [INFO] - 🔄 Otomatik saatlik rotation: AKTIF
10:51:11 - [INFO] - 💾 7 günlük log saklanacak
10:51:11 - [INFO] - ============================================================
10:51:19 - [INFO] - Started server process [12292]
10:51:19 - [INFO] - Waiting for application startup.
10:51:19 - [INFO] - ✅ DB path resolved: C:\Users\murat\Desktop\kripto_proje\crypto-trader\backend\trading_bot.db
10:51:19 - [INFO] - 🧪 TEST_MODE: Binance PUBLIC veri (live endpoint) kullanılacak. Emirler simüle.
10:51:23 - [INFO] - ✅ Binance piyasa verileri yüklendi.
10:51:23 - [INFO] - ✅ 1H TrendBiasService hazır (TTL cache aktif).
10:51:23 - [INFO] - ✅ CorrelationService hazır.
10:51:23 - [WARNING] - 🧹 STARTUP TEMİZLİĞİ: 2 adet 'stale' (hayalet) pozisyon tespit edildi. Sıfırlanıyor...
10:51:23 - [INFO] - ✅ Paper veritabanı state'i pürüzsüz hale getirildi.
10:51:23 - [INFO] - Telegram notifier disabled via TELEGRAM_ENABLED=false; network calls suppressed.
10:51:23 - [INFO] - 🛡️ SPK Compliance Worker (BATCH MODE) Started
10:51:23 - [INFO] - --- 🛡️ WATCHDOG LOOP AKTİF (5s) ---
10:51:23 - [INFO] - --- 🔎 SCANNER LOOP AKTİF ---
10:51:23 - [INFO] - Application startup complete.
10:51:23 - [INFO] - Uvicorn running on http://0.0.0.0:8000 (Press CTRL+C to quit)
10:51:28 - [ERROR] - Analysis error (BTC/USDT): name '_resolve_profile' is not defined
10:51:30 - [ERROR] - Analysis error (ETH/USDT): name '_resolve_profile' is not defined
10:51:35 - [INFO] - Shutting down
10:51:36 - [INFO] - Waiting for application shutdown.
10:51:36 - [INFO] - Application shutdown complete.
10:51:36 - [INFO] - Finished server process [12292]
10:51:53 - [INFO] - ============================================================
10:51:53 - [INFO] - 🤖 CRYPTO TRADING BOT BAŞLATILIYOR
10:51:53 - [INFO] - 📊 Log dosyaları: logs/bot.log.YYYY-MM-DD_HH
10:51:53 - [INFO] - 🔄 Otomatik saatlik rotation: AKTIF
10:51:53 - [INFO] - 💾 7 günlük log saklanacak
10:51:53 - [INFO] - ============================================================
10:51:54 - [INFO] - Started server process [19480]
10:51:54 - [INFO] - Waiting for application startup.
10:51:54 - [INFO] - ✅ DB path resolved: C:\Users\murat\Desktop\kripto_proje\crypto-trader\backend\trading_bot.db
10:51:54 - [INFO] - startup_state db_path=C:\Users\murat\Desktop\kripto_proje\crypto-trader\backend\trading_bot.db open_positions_on_start=0
10:51:54 - [INFO] - 🧪 TEST_MODE: Binance PUBLIC veri (live endpoint) kullanılacak. Emirler simüle.
10:51:58 - [INFO] - ✅ Binance piyasa verileri yüklendi.
10:51:58 - [INFO] - strategy_config {'version': 'grid_v1', 'grid_lower': 60000.0, 'grid_upper': 75000.0, 'grid_count': 100, 'capital_per_grid': 20.0, 'emergency_stop_pct': 0.15, 'min_atr_pct': 0.001, 'max_atr_pct': 0.05, 'min_volume_ratio': 0.3}
10:51:58 - [INFO] - ✅ 1H TrendBiasService hazır (TTL cache aktif).
10:51:58 - [INFO] - ✅ CorrelationService hazır (research.db, TTL cache).
10:51:58 - [INFO] - universe_loaded symbols=['BTC/USDT', 'ETH/USDT'] updated_at=2026-03-11T03:07:19
10:51:58 - [WARNING] - V1 force universe aktif: BTC/USDT,ETH/USDT
10:51:58 - [INFO] - Telegram notifier disabled via TELEGRAM_ENABLED=false; network calls suppressed.
10:51:58 - [WARNING] - Universe rebuild loop pasif: V1 force universe aktif.
10:51:58 - [INFO] - --- 🛡️ WATCHDOG LOOP AKTİF (5s) ---
10:51:58 - [INFO] - --- 🔎 SCANNER LOOP AKTİF ---
10:51:58 - [INFO] - Application startup complete.
10:51:58 - [INFO] - Uvicorn running on http://0.0.0.0:8000 (Press CTRL+C to quit)
10:51:58 - [INFO] - dashboard_positions db_path=C:\Users\murat\Desktop\kripto_proje\crypto-trader\backend\trading_bot.db row_count=0
10:51:58 - [INFO] - 127.0.0.1:65518 - "GET /dashboard/positions HTTP/1.1" 200
10:51:58 - [INFO] - 127.0.0.1:65519 - "GET /dashboard/trades HTTP/1.1" 200
10:51:58 - [INFO] - 127.0.0.1:65520 - "GET /dashboard/summary HTTP/1.1" 200
10:51:58 - [INFO] - dashboard_positions db_path=C:\Users\murat\Desktop\kripto_proje\crypto-trader\backend\trading_bot.db row_count=0
10:51:58 - [INFO] - 127.0.0.1:65518 - "GET /dashboard/positions HTTP/1.1" 200
10:51:58 - [INFO] - 127.0.0.1:65519 - "GET /dashboard/trades HTTP/1.1" 200
10:51:58 - [INFO] - 127.0.0.1:65520 - "GET /dashboard/summary HTTP/1.1" 200
10:52:03 - [INFO] - 🎯 Taranan Coinler: ['BTC/USDT', 'ETH/USDT']
10:52:03 - [INFO] - 127.0.0.1:65518 - "GET /dashboard/summary HTTP/1.1" 200
10:52:03 - [INFO] - dashboard_positions db_path=C:\Users\murat\Desktop\kripto_proje\crypto-trader\backend\trading_bot.db row_count=0
10:52:03 - [INFO] - 127.0.0.1:65519 - "GET /dashboard/trades HTTP/1.1" 200
10:52:03 - [INFO] - 127.0.0.1:65520 - "GET /dashboard/positions HTTP/1.1" 200
10:52:04 - [INFO] - trend_bias_computed
10:52:04 - [INFO] - snapback_gate_probe symbol=BTC/USDT price=69825.18000000 ema_fast=69597.56597440 tolerance_mult=1.001500 tolerance_ceiling=69701.96232336 below_ema_fast=false
10:52:04 - [INFO] - fallback_evaluated strategy=snapback symbol=BTC/USDT signal=HOLD score=3.00 gate_status={'bias_not_down': True, 'atr_ok': True, 'pullback_ok': False, 'reclaim_ok': True, 'below_ema_fast': False} hold_fails=['pullback_ok', 'below_ema_fast'] reason=1H bias=NEUTRAL (allowed), ATR% ok (0.24), pullback yok, reclaim ok (0.21), EMA fast tolerance fail, SYM=BTC/USDT
10:52:04 - [INFO] - dashboard_positions db_path=C:\Users\murat\Desktop\kripto_proje\crypto-trader\backend\trading_bot.db row_count=0
10:52:04 - [INFO] - 127.0.0.1:65520 - "GET /dashboard/positions HTTP/1.1" 200
10:52:04 - [INFO] - 127.0.0.1:65518 - "GET /dashboard/summary HTTP/1.1" 200
10:52:04 - [INFO] - 127.0.0.1:65519 - "GET /dashboard/trades HTTP/1.1" 200
10:52:04 - [INFO] - dashboard_positions db_path=C:\Users\murat\Desktop\kripto_proje\crypto-trader\backend\trading_bot.db row_count=0
10:52:04 - [INFO] - 127.0.0.1:65522 - "GET /dashboard/summary HTTP/1.1" 200
10:52:04 - [INFO] - 127.0.0.1:65520 - "GET /dashboard/positions HTTP/1.1" 200
10:52:04 - [INFO] - 127.0.0.1:65519 - "GET /dashboard/trades HTTP/1.1" 200
10:52:07 - [INFO] - trend_bias_computed
10:52:07 - [INFO] - snapback_gate_probe symbol=ETH/USDT price=2038.94000000 ema_fast=2032.85298070 tolerance_mult=1.001500 tolerance_ceiling=2035.90226017 below_ema_fast=false
10:52:07 - [INFO] - fallback_evaluated strategy=snapback symbol=ETH/USDT signal=HOLD score=3.00 gate_status={'bias_not_down': True, 'atr_ok': True, 'pullback_ok': False, 'reclaim_ok': True, 'below_ema_fast': False} hold_fails=['pullback_ok', 'below_ema_fast'] reason=1H bias=NEUTRAL (allowed), ATR% ok (0.26), pullback yok, reclaim ok (0.10), EMA fast tolerance fail, SYM=ETH/USDT
10:52:07 - [INFO] - dashboard_positions db_path=C:\Users\murat\Desktop\kripto_proje\crypto-trader\backend\trading_bot.db row_count=0
10:52:07 - [INFO] - 127.0.0.1:65522 - "GET /dashboard/summary HTTP/1.1" 200
10:52:07 - [INFO] - 127.0.0.1:65519 - "GET /dashboard/positions HTTP/1.1" 200
10:52:07 - [INFO] - 127.0.0.1:65520 - "GET /dashboard/trades HTTP/1.1" 200
10:52:08 - [INFO] - 🧾 ROUND#1 summary: BUY=0 SELL=0 HOLD=2 | risk_multiplier=1.00 | trade_blocked=False reason=None
10:52:08 - [INFO] - 🔎 candidate: BTC/USDT decision=HOLD score=0.00 buy_th=None gap=None corr=1.0 regime=UNKNOWN adx=None er=None volx=None strategy=grid_v1 trade_blocked=False scanner_reason=None exec_blocked=False exec_reason=None gate_status={} hold_fails=[] reason=no_grid_crossing
10:52:08 - [INFO] - 🔎 candidate: ETH/USDT decision=HOLD score=0.00 buy_th=None gap=None corr=1.0 regime=UNKNOWN adx=None er=None volx=None strategy=grid_v1 trade_blocked=False scanner_reason=None exec_blocked=False exec_reason=None gate_status={} hold_fails=[] reason=no_grid_crossing
10:52:09 - [INFO] - dashboard_positions db_path=C:\Users\murat\Desktop\kripto_proje\crypto-trader\backend\trading_bot.db row_count=0
10:52:09 - [INFO] - 127.0.0.1:65522 - "GET /dashboard/summary HTTP/1.1" 200
10:52:09 - [INFO] - 127.0.0.1:65520 - "GET /dashboard/positions HTTP/1.1" 200
10:52:09 - [INFO] - 127.0.0.1:65519 - "GET /dashboard/trades HTTP/1.1" 200
10:52:15 - [INFO] - dashboard_positions db_path=C:\Users\murat\Desktop\kripto_proje\crypto-trader\backend\trading_bot.db row_count=0
10:52:15 - [INFO] - 127.0.0.1:65523 - "GET /dashboard/positions HTTP/1.1" 200
10:52:15 - [INFO] - 127.0.0.1:65523 - "GET /dashboard/trades HTTP/1.1" 200
10:52:15 - [INFO] - 127.0.0.1:65523 - "GET /dashboard/summary HTTP/1.1" 200
10:52:19 - [INFO] - dashboard_positions db_path=C:\Users\murat\Desktop\kripto_proje\crypto-trader\backend\trading_bot.db row_count=0
10:52:19 - [INFO] - 127.0.0.1:65523 - "GET /dashboard/positions HTTP/1.1" 200
10:52:19 - [INFO] - 127.0.0.1:49154 - "GET /dashboard/summary HTTP/1.1" 200
10:52:19 - [INFO] - 127.0.0.1:49153 - "GET /dashboard/trades HTTP/1.1" 200
10:52:19 - [INFO] - dashboard_positions db_path=C:\Users\murat\Desktop\kripto_proje\crypto-trader\backend\trading_bot.db row_count=0
10:52:19 - [INFO] - 127.0.0.1:65523 - "GET /dashboard/positions HTTP/1.1" 200
10:52:19 - [INFO] - 127.0.0.1:49154 - "GET /dashboard/summary HTTP/1.1" 200
10:52:19 - [INFO] - 127.0.0.1:49153 - "GET /dashboard/trades HTTP/1.1" 200
10:52:24 - [INFO] - dashboard_positions db_path=C:\Users\murat\Desktop\kripto_proje\crypto-trader\backend\trading_bot.db row_count=0
10:52:24 - [INFO] - 127.0.0.1:49154 - "GET /dashboard/trades HTTP/1.1" 200
10:52:24 - [INFO] - 127.0.0.1:65523 - "GET /dashboard/summary HTTP/1.1" 200
10:52:24 - [INFO] - 127.0.0.1:49153 - "GET /dashboard/positions HTTP/1.1" 200
10:52:29 - [INFO] - dashboard_positions db_path=C:\Users\murat\Desktop\kripto_proje\crypto-trader\backend\trading_bot.db row_count=0
10:52:29 - [INFO] - 127.0.0.1:49161 - "GET /dashboard/positions HTTP/1.1" 200
10:52:29 - [INFO] - 127.0.0.1:49161 - "GET /dashboard/trades HTTP/1.1" 200
10:52:29 - [INFO] - 127.0.0.1:49161 - "GET /dashboard/summary HTTP/1.1" 200
10:52:34 - [INFO] - dashboard_positions db_path=C:\Users\murat\Desktop\kripto_proje\crypto-trader\backend\trading_bot.db row_count=0
10:52:34 - [INFO] - 127.0.0.1:49161 - "GET /dashboard/positions HTTP/1.1" 200
10:52:34 - [INFO] - 127.0.0.1:49174 - "GET /dashboard/trades HTTP/1.1" 200
10:52:34 - [INFO] - 127.0.0.1:49174 - "GET /dashboard/summary HTTP/1.1" 200
10:52:39 - [INFO] - dashboard_positions db_path=C:\Users\murat\Desktop\kripto_proje\crypto-trader\backend\trading_bot.db row_count=0
10:52:39 - [INFO] - 127.0.0.1:49175 - "GET /dashboard/positions HTTP/1.1" 200
10:52:39 - [INFO] - 127.0.0.1:49175 - "GET /dashboard/trades HTTP/1.1" 200
10:52:39 - [INFO] - 127.0.0.1:49175 - "GET /dashboard/summary HTTP/1.1" 200
10:52:44 - [INFO] - dashboard_positions db_path=C:\Users\murat\Desktop\kripto_proje\crypto-trader\backend\trading_bot.db row_count=0
10:52:44 - [INFO] - 127.0.0.1:49175 - "GET /dashboard/positions HTTP/1.1" 200
10:52:44 - [INFO] - 127.0.0.1:49178 - "GET /dashboard/trades HTTP/1.1" 200
10:52:44 - [INFO] - 127.0.0.1:49179 - "GET /dashboard/summary HTTP/1.1" 200
10:52:49 - [INFO] - dashboard_positions db_path=C:\Users\murat\Desktop\kripto_proje\crypto-trader\backend\trading_bot.db row_count=0
10:52:49 - [INFO] - 127.0.0.1:49179 - "GET /dashboard/positions HTTP/1.1" 200
10:52:49 - [INFO] - 127.0.0.1:49175 - "GET /dashboard/summary HTTP/1.1" 200
10:52:49 - [INFO] - 127.0.0.1:49178 - "GET /dashboard/trades HTTP/1.1" 200
10:52:53 - [INFO] - watchdog_tick open_positions=0
10:52:54 - [INFO] - dashboard_positions db_path=C:\Users\murat\Desktop\kripto_proje\crypto-trader\backend\trading_bot.db row_count=0
10:52:54 - [INFO] - 127.0.0.1:49178 - "GET /dashboard/positions HTTP/1.1" 200
10:52:54 - [INFO] - 127.0.0.1:49175 - "GET /dashboard/trades HTTP/1.1" 200
10:52:54 - [INFO] - 127.0.0.1:49179 - "GET /dashboard/summary HTTP/1.1" 200
10:52:59 - [INFO] - dashboard_positions db_path=C:\Users\murat\Desktop\kripto_proje\crypto-trader\backend\trading_bot.db row_count=0
10:52:59 - [INFO] - 127.0.0.1:49179 - "GET /dashboard/positions HTTP/1.1" 200
10:52:59 - [INFO] - 127.0.0.1:49175 - "GET /dashboard/trades HTTP/1.1" 200
10:52:59 - [INFO] - 127.0.0.1:49178 - "GET /dashboard/summary HTTP/1.1" 200
10:53:04 - [INFO] - dashboard_positions db_path=C:\Users\murat\Desktop\kripto_proje\crypto-trader\backend\trading_bot.db row_count=0
10:53:04 - [INFO] - 127.0.0.1:49178 - "GET /dashboard/positions HTTP/1.1" 200
10:53:04 - [INFO] - 127.0.0.1:49175 - "GET /dashboard/trades HTTP/1.1" 200
10:53:04 - [INFO] - 127.0.0.1:49179 - "GET /dashboard/summary HTTP/1.1" 200
10:53:09 - [INFO] - dashboard_positions db_path=C:\Users\murat\Desktop\kripto_proje\crypto-trader\backend\trading_bot.db row_count=0
10:53:09 - [INFO] - 127.0.0.1:49179 - "GET /dashboard/positions HTTP/1.1" 200
10:53:09 - [INFO] - 127.0.0.1:49175 - "GET /dashboard/trades HTTP/1.1" 200
10:53:09 - [INFO] - 127.0.0.1:49179 - "GET /dashboard/summary HTTP/1.1" 200
10:53:14 - [INFO] - dashboard_positions db_path=C:\Users\murat\Desktop\kripto_proje\crypto-trader\backend\trading_bot.db row_count=0
10:53:14 - [INFO] - 127.0.0.1:49179 - "GET /dashboard/positions HTTP/1.1" 200
10:53:14 - [INFO] - 127.0.0.1:49175 - "GET /dashboard/trades HTTP/1.1" 200
10:53:14 - [INFO] - 127.0.0.1:49179 - "GET /dashboard/summary HTTP/1.1" 200
10:53:19 - [INFO] - dashboard_positions db_path=C:\Users\murat\Desktop\kripto_proje\crypto-trader\backend\trading_bot.db row_count=0
10:53:19 - [INFO] - 127.0.0.1:49179 - "GET /dashboard/positions HTTP/1.1" 200
10:53:19 - [INFO] - 127.0.0.1:49175 - "GET /dashboard/summary HTTP/1.1" 200
10:53:19 - [INFO] - 127.0.0.1:49179 - "GET /dashboard/trades HTTP/1.1" 200
10:53:38 - [INFO] - dashboard_positions db_path=C:\Users\murat\Desktop\kripto_proje\crypto-trader\backend\trading_bot.db row_count=0
10:53:38 - [INFO] - 127.0.0.1:49188 - "GET /dashboard/positions HTTP/1.1" 200
10:53:38 - [INFO] - 127.0.0.1:49188 - "GET /dashboard/trades HTTP/1.1" 200
10:53:38 - [INFO] - 127.0.0.1:49188 - "GET /dashboard/summary HTTP/1.1" 200
10:53:53 - [INFO] - watchdog_tick open_positions=0
10:54:38 - [INFO] - Shutting down
10:54:38 - [INFO] - Waiting for application shutdown.
10:54:38 - [INFO] - Application shutdown complete.
10:54:38 - [INFO] - Finished server process [19480]
10:54:40 - [INFO] - ============================================================
10:54:40 - [INFO] - 🤖 CRYPTO TRADING BOT BAŞLATILIYOR
10:54:40 - [INFO] - 📊 Log dosyaları: logs/bot.log.YYYY-MM-DD_HH
10:54:40 - [INFO] - 🔄 Otomatik saatlik rotation: AKTIF
10:54:40 - [INFO] - 💾 7 günlük log saklanacak
10:54:40 - [INFO] - ============================================================
10:54:41 - [INFO] - Started server process [312]
10:54:41 - [INFO] - Waiting for application startup.
10:54:41 - [INFO] - ✅ DB path resolved: C:\Users\murat\Desktop\kripto_proje\crypto-trader\backend\trading_bot.db
10:54:41 - [INFO] - startup_state db_path=C:\Users\murat\Desktop\kripto_proje\crypto-trader\backend\trading_bot.db open_positions_on_start=0
10:54:41 - [INFO] - 🧪 TEST_MODE: Binance PUBLIC veri (live endpoint) kullanılacak. Emirler simüle.
10:54:45 - [INFO] - ✅ Binance piyasa verileri yüklendi.
10:54:45 - [INFO] - strategy_config {'version': 'grid_v1', 'grid_lower': 60000.0, 'grid_upper': 75000.0, 'grid_count': 100, 'capital_per_grid': 30.0, 'emergency_stop_pct': 0.03, 'min_atr_pct': 0.001, 'max_atr_pct': 0.05, 'min_volume_ratio': 0.3}
10:54:45 - [INFO] - ✅ 1H TrendBiasService hazır (TTL cache aktif).
10:54:45 - [INFO] - ✅ CorrelationService hazır (research.db, TTL cache).
10:54:45 - [INFO] - universe_loaded symbols=['BTC/USDT', 'ETH/USDT'] updated_at=2026-03-11T03:07:19
10:54:45 - [WARNING] - V1 force universe aktif: BTC/USDT,ETH/USDT
10:54:45 - [INFO] - Telegram notifier disabled via TELEGRAM_ENABLED=false; network calls suppressed.
10:54:45 - [WARNING] - Universe rebuild loop pasif: V1 force universe aktif.
10:54:45 - [INFO] - --- 🛡️ WATCHDOG LOOP AKTİF (5s) ---
10:54:45 - [INFO] - --- 🔎 SCANNER LOOP AKTİF ---
10:54:45 - [INFO] - Application startup complete.
10:54:45 - [INFO] - Uvicorn running on http://0.0.0.0:8000 (Press CTRL+C to quit)
10:54:50 - [INFO] - 🎯 Taranan Coinler: ['BTC/USDT', 'ETH/USDT']
10:54:50 - [WARNING] - ccxt call failed (attempt=1/3): binance {"code":-1120,"msg":"Invalid interval."}
10:54:50 - [WARNING] - binance_base_url_rotated -> https://api1.binance.com
10:54:52 - [WARNING] - ccxt call failed (attempt=2/3): binance GET https://api1.binance.com/klines?interval=59m&limit=200&symbol=BTCUSDT 404 Not Found <html>
<head><title>404 Not Found</title></head>
<body>
<center><h1>404 Not Found</h1></center>
<hr><center>nginx</cente
10:54:52 - [WARNING] - binance_base_url_rotated -> https://api2.binance.com
10:54:54 - [ERROR] - Tarihsel veri hatası (BTC/USDT): binance GET https://api2.binance.com/klines?interval=59m&limit=200&symbol=BTCUSDT 404 Not Found <html>
<head><title>404 Not Found</title></head>
<body>
<center><h1>404 Not Found</h1></center>
<hr><center>nginx</center>
</body>
</html>
10:54:56 - [WARNING] - ccxt call failed (attempt=1/3): binance GET https://api2.binance.com/klines?interval=59m&limit=200&symbol=ETHUSDT 404 Not Found <html>
<head><title>404 Not Found</title></head>
<body>
<center><h1>404 Not Found</h1></center>
<hr><center>nginx</cente
10:54:56 - [WARNING] - binance_base_url_rotated -> https://api3.binance.com
10:54:58 - [WARNING] - ccxt call failed (attempt=2/3): binance GET https://api3.binance.com/klines?interval=59m&limit=200&symbol=ETHUSDT 404 Not Found <html>
<head><title>404 Not Found</title></head>
<body>
<center><h1>404 Not Found</h1></center>
<hr><center>nginx</cente
10:54:58 - [WARNING] - binance_base_url_rotated -> https://data-api.binance.vision
10:55:00 - [ERROR] - Tarihsel veri hatası (ETH/USDT): binance GET https://data-api.binance.vision/klines?interval=59m&limit=200&symbol=ETHUSDT 404 Not Found <html>
<head><title>404 Not Found</title></head>
<body>
<center><h1>404 Not Found</h1></center>
<hr><center>nginx</center>
</body>

10:55:02 - [INFO] - 🧾 ROUND#1 summary: BUY=0 SELL=0 HOLD=2 | risk_multiplier=1.00 | trade_blocked=False reason=None
10:55:02 - [INFO] - 🔎 candidate: BTC/USDT decision=HOLD score=0.00 buy_th=None gap=None corr=None regime=UNKNOWN adx=None er=None volx=None strategy=breakout trade_blocked=False scanner_reason=None exec_blocked=False exec_reason=None gate_status={} hold_fails=[] reason=
10:55:02 - [INFO] - 🔎 candidate: ETH/USDT decision=HOLD score=0.00 buy_th=None gap=None corr=None regime=UNKNOWN adx=None er=None volx=None strategy=breakout trade_blocked=False scanner_reason=None exec_blocked=False exec_reason=None gate_status={} hold_fails=[] reason=
10:55:13 - [INFO] - Shutting down
10:55:13 - [INFO] - Waiting for application shutdown.
10:55:13 - [INFO] - Application shutdown complete.
10:55:13 - [INFO] - Finished server process [312]
10:55:20 - [INFO] - ============================================================
10:55:20 - [INFO] - 🤖 CRYPTO TRADING BOT BAŞLATILIYOR
10:55:20 - [INFO] - 📊 Log dosyaları: logs/bot.log.YYYY-MM-DD_HH
10:55:20 - [INFO] - 🔄 Otomatik saatlik rotation: AKTIF
10:55:20 - [INFO] - 💾 7 günlük log saklanacak
10:55:20 - [INFO] - ============================================================
10:55:21 - [INFO] - Started server process [21288]
10:55:21 - [INFO] - Waiting for application startup.
10:55:21 - [INFO] - ✅ DB path resolved: C:\Users\murat\Desktop\kripto_proje\crypto-trader\backend\trading_bot.db
10:55:21 - [INFO] - startup_state db_path=C:\Users\murat\Desktop\kripto_proje\crypto-trader\backend\trading_bot.db open_positions_on_start=0
10:55:21 - [INFO] - 🧪 TEST_MODE: Binance PUBLIC veri (live endpoint) kullanılacak. Emirler simüle.
10:55:25 - [INFO] - ✅ Binance piyasa verileri yüklendi.
10:55:25 - [INFO] - strategy_config {'version': 'grid_v1', 'grid_lower': 60000.0, 'grid_upper': 75000.0, 'grid_count': 100, 'capital_per_grid': 30.0, 'emergency_stop_pct': 0.03, 'min_atr_pct': 0.001, 'max_atr_pct': 0.05, 'min_volume_ratio': 0.3}
10:55:25 - [INFO] - ✅ 1H TrendBiasService hazır (TTL cache aktif).
10:55:25 - [INFO] - ✅ CorrelationService hazır (research.db, TTL cache).
10:55:25 - [INFO] - universe_loaded symbols=['BTC/USDT', 'ETH/USDT'] updated_at=2026-03-11T03:07:19
10:55:25 - [WARNING] - V1 force universe aktif: BTC/USDT,ETH/USDT
10:55:25 - [INFO] - Telegram notifier disabled via TELEGRAM_ENABLED=false; network calls suppressed.
10:55:25 - [WARNING] - Universe rebuild loop pasif: V1 force universe aktif.
10:55:25 - [INFO] - --- 🛡️ WATCHDOG LOOP AKTİF (5s) ---
10:55:25 - [INFO] - --- 🔎 SCANNER LOOP AKTİF ---
10:55:25 - [INFO] - Application startup complete.
10:55:25 - [INFO] - Uvicorn running on http://0.0.0.0:8000 (Press CTRL+C to quit)
10:55:30 - [INFO] - 🎯 Taranan Coinler: ['BTC/USDT', 'ETH/USDT']
10:55:30 - [INFO] - trend_bias_computed
10:55:30 - [INFO] - snapback_gate_probe symbol=BTC/USDT price=69802.20000000 ema_fast=69595.37740297 tolerance_mult=1.001500 tolerance_ceiling=69699.77046908 below_ema_fast=false
10:55:30 - [INFO] - fallback_evaluated strategy=snapback symbol=BTC/USDT signal=HOLD score=3.00 gate_status={'bias_not_down': True, 'atr_ok': True, 'pullback_ok': False, 'reclaim_ok': True, 'below_ema_fast': False} hold_fails=['pullback_ok', 'below_ema_fast'] reason=1H bias=NEUTRAL (allowed), ATR% ok (0.24), pullback yok, reclaim ok (0.18), EMA fast tolerance fail, SYM=BTC/USDT
10:55:33 - [INFO] - trend_bias_computed
10:55:33 - [INFO] - snapback_gate_probe symbol=ETH/USDT price=2039.27000000 ema_fast=2032.88440927 tolerance_mult=1.001500 tolerance_ceiling=2035.93373589 below_ema_fast=false
10:55:33 - [INFO] - fallback_evaluated strategy=snapback symbol=ETH/USDT signal=HOLD score=3.00 gate_status={'bias_not_down': True, 'atr_ok': True, 'pullback_ok': False, 'reclaim_ok': True, 'below_ema_fast': False} hold_fails=['pullback_ok', 'below_ema_fast'] reason=1H bias=NEUTRAL (allowed), ATR% ok (0.26), pullback yok, reclaim ok (0.12), EMA fast tolerance fail, SYM=ETH/USDT
10:55:34 - [INFO] - 🧾 ROUND#1 summary: BUY=0 SELL=0 HOLD=2 | risk_multiplier=1.00 | trade_blocked=False reason=None
10:55:34 - [INFO] - 🔎 candidate: BTC/USDT decision=HOLD score=0.00 buy_th=None gap=None corr=1.0 regime=UNKNOWN adx=None er=None volx=None strategy=grid_v1 trade_blocked=False scanner_reason=None exec_blocked=False exec_reason=None gate_status={} hold_fails=[] reason=no_grid_crossing
10:55:34 - [INFO] - 🔎 candidate: ETH/USDT decision=HOLD score=0.00 buy_th=None gap=None corr=1.0 regime=UNKNOWN adx=None er=None volx=None strategy=grid_v1 trade_blocked=False scanner_reason=None exec_blocked=False exec_reason=None gate_status={} hold_fails=[] reason=no_grid_crossing
10:55:39 - [INFO] - dashboard_positions db_path=C:\Users\murat\Desktop\kripto_proje\crypto-trader\backend\trading_bot.db row_count=0
10:55:39 - [INFO] - 127.0.0.1:49241 - "GET /dashboard/positions HTTP/1.1" 200
10:55:39 - [INFO] - 127.0.0.1:49243 - "GET /dashboard/summary HTTP/1.1" 200
10:55:39 - [INFO] - 127.0.0.1:49242 - "GET /dashboard/trades HTTP/1.1" 200
10:56:03 - [INFO] - dashboard_positions db_path=C:\Users\murat\Desktop\kripto_proje\crypto-trader\backend\trading_bot.db row_count=0
10:56:03 - [INFO] - 127.0.0.1:49244 - "GET /dashboard/positions HTTP/1.1" 200
10:56:03 - [INFO] - 127.0.0.1:49244 - "GET /dashboard/trades HTTP/1.1" 200
10:56:03 - [INFO] - 127.0.0.1:49244 - "GET /dashboard/summary HTTP/1.1" 200
10:56:04 - [INFO] - dashboard_positions db_path=C:\Users\murat\Desktop\kripto_proje\crypto-trader\backend\trading_bot.db row_count=0
10:56:04 - [INFO] - 127.0.0.1:49244 - "GET /dashboard/positions HTTP/1.1" 200
10:56:04 - [INFO] - 127.0.0.1:49252 - "GET /dashboard/trades HTTP/1.1" 200
10:56:04 - [INFO] - 127.0.0.1:49253 - "GET /dashboard/summary HTTP/1.1" 200
10:56:10 - [INFO] - dashboard_positions db_path=C:\Users\murat\Desktop\kripto_proje\crypto-trader\backend\trading_bot.db row_count=0
10:56:10 - [INFO] - 127.0.0.1:49258 - "GET /dashboard/positions HTTP/1.1" 200
10:56:10 - [INFO] - 127.0.0.1:49260 - "GET /dashboard/summary HTTP/1.1" 200
10:56:10 - [INFO] - 127.0.0.1:49259 - "GET /dashboard/trades HTTP/1.1" 200
10:56:14 - [INFO] - dashboard_positions db_path=C:\Users\murat\Desktop\kripto_proje\crypto-trader\backend\trading_bot.db row_count=0
10:56:14 - [INFO] - 127.0.0.1:49259 - "GET /dashboard/positions HTTP/1.1" 200
10:56:14 - [INFO] - 127.0.0.1:49260 - "GET /dashboard/trades HTTP/1.1" 200
10:56:14 - [INFO] - 127.0.0.1:49258 - "GET /dashboard/summary HTTP/1.1" 200
10:56:19 - [INFO] - dashboard_positions db_path=C:\Users\murat\Desktop\kripto_proje\crypto-trader\backend\trading_bot.db row_count=0
10:56:19 - [INFO] - 127.0.0.1:49258 - "GET /dashboard/positions HTTP/1.1" 200
10:56:19 - [INFO] - 127.0.0.1:49259 - "GET /dashboard/summary HTTP/1.1" 200
10:56:19 - [INFO] - 127.0.0.1:49260 - "GET /dashboard/trades HTTP/1.1" 200
10:56:20 - [INFO] - watchdog_tick open_positions=0
10:56:24 - [INFO] - dashboard_positions db_path=C:\Users\murat\Desktop\kripto_proje\crypto-trader\backend\trading_bot.db row_count=0
10:56:24 - [INFO] - 127.0.0.1:49259 - "GET /dashboard/trades HTTP/1.1" 200
10:56:24 - [INFO] - 127.0.0.1:49260 - "GET /dashboard/positions HTTP/1.1" 200
10:56:24 - [INFO] - 127.0.0.1:49258 - "GET /dashboard/summary HTTP/1.1" 200
10:56:29 - [INFO] - dashboard_positions db_path=C:\Users\murat\Desktop\kripto_proje\crypto-trader\backend\trading_bot.db row_count=0
10:56:29 - [INFO] - 127.0.0.1:49261 - "GET /dashboard/summary HTTP/1.1" 200
10:56:29 - [INFO] - 127.0.0.1:49260 - "GET /dashboard/trades HTTP/1.1" 200
10:56:29 - [INFO] - 127.0.0.1:49258 - "GET /dashboard/positions HTTP/1.1" 200
10:56:34 - [INFO] - dashboard_positions db_path=C:\Users\murat\Desktop\kripto_proje\crypto-trader\backend\trading_bot.db row_count=0
10:56:34 - [INFO] - 127.0.0.1:49261 - "GET /dashboard/summary HTTP/1.1" 200
10:56:34 - [INFO] - 127.0.0.1:49258 - "GET /dashboard/positions HTTP/1.1" 200
10:56:34 - [INFO] - 127.0.0.1:49260 - "GET /dashboard/trades HTTP/1.1" 200
10:56:39 - [INFO] - dashboard_positions db_path=C:\Users\murat\Desktop\kripto_proje\crypto-trader\backend\trading_bot.db row_count=0
10:56:39 - [INFO] - 127.0.0.1:49260 - "GET /dashboard/positions HTTP/1.1" 200
10:56:39 - [INFO] - 127.0.0.1:49260 - "GET /dashboard/summary HTTP/1.1" 200
10:56:39 - [INFO] - 127.0.0.1:49260 - "GET /dashboard/trades HTTP/1.1" 200
10:56:44 - [INFO] - dashboard_positions db_path=C:\Users\murat\Desktop\kripto_proje\crypto-trader\backend\trading_bot.db row_count=0
10:56:44 - [INFO] - 127.0.0.1:49260 - "GET /dashboard/positions HTTP/1.1" 200
10:56:44 - [INFO] - 127.0.0.1:49266 - "GET /dashboard/trades HTTP/1.1" 200
10:56:44 - [INFO] - 127.0.0.1:49267 - "GET /dashboard/summary HTTP/1.1" 200
10:56:49 - [INFO] - dashboard_positions db_path=C:\Users\murat\Desktop\kripto_proje\crypto-trader\backend\trading_bot.db row_count=0
10:56:49 - [INFO] - 127.0.0.1:49267 - "GET /dashboard/positions HTTP/1.1" 200
10:56:49 - [INFO] - 127.0.0.1:49260 - "GET /dashboard/summary HTTP/1.1" 200
10:56:49 - [INFO] - 127.0.0.1:49266 - "GET /dashboard/trades HTTP/1.1" 200
10:56:54 - [INFO] - 127.0.0.1:49267 - "GET /dashboard/summary HTTP/1.1" 200
10:56:54 - [INFO] - dashboard_positions db_path=C:\Users\murat\Desktop\kripto_proje\crypto-trader\backend\trading_bot.db row_count=0
10:56:54 - [INFO] - 127.0.0.1:49260 - "GET /dashboard/trades HTTP/1.1" 200
10:56:54 - [INFO] - 127.0.0.1:49266 - "GET /dashboard/positions HTTP/1.1" 200
10:56:59 - [INFO] - dashboard_positions db_path=C:\Users\murat\Desktop\kripto_proje\crypto-trader\backend\trading_bot.db row_count=0
10:56:59 - [INFO] - 127.0.0.1:49266 - "GET /dashboard/positions HTTP/1.1" 200
10:56:59 - [INFO] - 127.0.0.1:49267 - "GET /dashboard/summary HTTP/1.1" 200
10:56:59 - [INFO] - 127.0.0.1:49260 - "GET /dashboard/trades HTTP/1.1" 200
10:57:04 - [INFO] - dashboard_positions db_path=C:\Users\murat\Desktop\kripto_proje\crypto-trader\backend\trading_bot.db row_count=0
10:57:04 - [INFO] - 127.0.0.1:49260 - "GET /dashboard/positions HTTP/1.1" 200
10:57:04 - [INFO] - 127.0.0.1:49260 - "GET /dashboard/trades HTTP/1.1" 200
10:57:04 - [INFO] - 127.0.0.1:49260 - "GET /dashboard/summary HTTP/1.1" 200
10:57:20 - [INFO] - watchdog_tick open_positions=0
10:57:38 - [INFO] - dashboard_positions db_path=C:\Users\murat\Desktop\kripto_proje\crypto-trader\backend\trading_bot.db row_count=0
10:57:38 - [INFO] - 127.0.0.1:49281 - "GET /dashboard/positions HTTP/1.1" 200
10:57:38 - [INFO] - 127.0.0.1:49282 - "GET /dashboard/trades HTTP/1.1" 200
10:57:38 - [INFO] - 127.0.0.1:49281 - "GET /dashboard/summary HTTP/1.1" 200
10:57:55 - [INFO] - dashboard_positions db_path=C:\Users\murat\Desktop\kripto_proje\crypto-trader\backend\trading_bot.db row_count=0
10:57:55 - [INFO] - 127.0.0.1:49286 - "GET /dashboard/positions HTTP/1.1" 200
10:57:55 - [INFO] - 127.0.0.1:49286 - "GET /dashboard/trades HTTP/1.1" 200
10:57:55 - [INFO] - 127.0.0.1:49286 - "GET /dashboard/summary HTTP/1.1" 200
10:58:20 - [INFO] - watchdog_tick open_positions=0
10:59:20 - [INFO] - watchdog_tick open_positions=0
11:00:20 - [INFO] - watchdog_tick open_positions=0
11:00:34 - [INFO] - 🎯 Taranan Coinler: ['BTC/USDT', 'ETH/USDT']
11:00:35 - [INFO] - snapback_gate_probe symbol=BTC/USDT price=69831.31000000 ema_fast=69619.91434019 tolerance_mult=1.001500 tolerance_ceiling=69724.34421170 below_ema_fast=false
11:00:35 - [INFO] - fallback_evaluated strategy=snapback symbol=BTC/USDT signal=HOLD score=3.00 gate_status={'bias_not_down': True, 'atr_ok': True, 'pullback_ok': False, 'reclaim_ok': True, 'below_ema_fast': False} hold_fails=['pullback_ok', 'below_ema_fast'] reason=1H bias=NEUTRAL (allowed), ATR% ok (0.22), pullback yok, reclaim ok (0.01), EMA fast tolerance fail, SYM=BTC/USDT
11:00:37 - [INFO] - snapback_gate_probe symbol=ETH/USDT price=2040.60000000 ema_fast=2033.74244740 tolerance_mult=1.001500 tolerance_ceiling=2036.79306107 below_ema_fast=false
11:00:37 - [INFO] - fallback_evaluated strategy=snapback symbol=ETH/USDT signal=HOLD score=2.00 gate_status={'bias_not_down': True, 'atr_ok': True, 'pullback_ok': False, 'reclaim_ok': False, 'below_ema_fast': False} hold_fails=['pullback_ok', 'reclaim_ok', 'below_ema_fast'] reason=1H bias=NEUTRAL (allowed), ATR% ok (0.24), pullback yok, reclaim yok, EMA fast tolerance fail, SYM=ETH/USDT
11:00:38 - [INFO] - 🧾 ROUND#2 summary: BUY=0 SELL=0 HOLD=2 | risk_multiplier=1.00 | trade_blocked=False reason=None
11:00:38 - [INFO] - 🔎 candidate: BTC/USDT decision=HOLD score=0.00 buy_th=None gap=None corr=1.0 regime=UNKNOWN adx=None er=None volx=None strategy=grid_v1 trade_blocked=False scanner_reason=None exec_blocked=False exec_reason=None gate_status={} hold_fails=[] reason=no_grid_crossing
11:00:38 - [INFO] - 🔎 candidate: ETH/USDT decision=HOLD score=0.00 buy_th=None gap=None corr=1.0 regime=UNKNOWN adx=None er=None volx=None strategy=grid_v1 trade_blocked=False scanner_reason=None exec_blocked=False exec_reason=None gate_status={} hold_fails=[] reason=no_grid_crossing
11:01:07 - [INFO] - Shutting down
11:01:07 - [INFO] - Waiting for application shutdown.
11:01:07 - [INFO] - Application shutdown complete.
11:01:07 - [INFO] - Finished server process [21288]
